Using pre-set license
Built from '2020.3/release' branch; Version is '2020.3.2f1 (8fd9074bf66c) revision 9427207'; Using compiler version '192528614'; Build Type 'Release'
OS: 'Windows 10 Home; OS build 19041.928; Version 2004; 64bit' Language: 'ru' Physical Memory: 8087 MB
BatchMode: 1, IsHumanControllingUs: 0, StartBugReporterOnCrash: 0, Is64bit: 1, IsPro: 0

 COMMAND LINE ARGUMENTS:
C:\UsingFiles\UnityVers\2020.3.2f1\Editor\Unity.exe
-adb2
-batchMode
-noUpm
-name
AssetImportWorker0
-projectPath
C:/UsingFiles/Production/ReaNav
-logFile
Logs/AssetImportWorker0.log
-srvPort
50674
Successfully changed project path to: C:/UsingFiles/Production/ReaNav
C:/UsingFiles/Production/ReaNav
Using Asset Import Pipeline V2.
Refreshing native plugins compatible for Editor in 59.53 ms, found 0 plugins.
Preloading 0 native plugins for Editor in 0.00 ms.
Initialize engine version: 2020.3.2f1 (8fd9074bf66c)
[Subsystems] Discovering subsystems at path C:/UsingFiles/UnityVers/2020.3.2f1/Editor/Data/Resources/UnitySubsystems
[Subsystems] Discovering subsystems at path C:/UsingFiles/Production/ReaNav/Assets
GfxDevice: creating device client; threaded=0
Direct3D:
    Version:  Direct3D 11.0 [level 11.0]
    Renderer: NVIDIA GeForce 940MX (ID=0x134b)
    Vendor:   
    VRAM:     987 MB
    Driver:   27.21.14.6627
Initialize mono
Mono path[0] = 'C:/UsingFiles/UnityVers/2020.3.2f1/Editor/Data/Managed'
Mono path[1] = 'C:/UsingFiles/UnityVers/2020.3.2f1/Editor/Data/MonoBleedingEdge/lib/mono/unityjit'
Mono config path = 'C:/UsingFiles/UnityVers/2020.3.2f1/Editor/Data/MonoBleedingEdge/etc'
Using monoOptions --debugger-agent=transport=dt_socket,embedding=1,server=y,suspend=n,address=127.0.0.1:56408
Begin MonoManager ReloadAssembly
Registering precompiled unity dll's ...
Register platform support module: C:/UsingFiles/UnityVers/2020.3.2f1/Editor/Data/PlaybackEngines/WindowsStandaloneSupport/UnityEditor.WindowsStandalone.Extensions.dll
Registered in 0.002996 seconds.
Native extension for WindowsStandalone target not found
Refreshing native plugins compatible for Editor in 56.60 ms, found 0 plugins.
Preloading 0 native plugins for Editor in 0.00 ms.
Invoked RoslynAnalysisRunner static constructor.
RoslynAnalysisRunner will not be running.
RoslynAnalysisRunner has terminated.
Mono: successfully reloaded assembly
- Completed reload, in  3.390 seconds
Platform modules already initialized, skipping
Registering precompiled user dll's ...
Registered in 0.004143 seconds.
Begin MonoManager ReloadAssembly
Native extension for WindowsStandalone target not found
Refreshing native plugins compatible for Editor in 0.52 ms, found 0 plugins.
Preloading 0 native plugins for Editor in 0.00 ms.
Invoked RoslynAnalysisRunner static constructor.
RoslynAnalysisRunner will not be running.
RoslynAnalysisRunner has terminated.
Mono: successfully reloaded assembly
- Completed reload, in  1.965 seconds
Platform modules already initialized, skipping
========================================================================
Worker process is ready to serve import requests
Launched and connected shader compiler UnityShaderCompiler.exe after 0.10 seconds
Refreshing native plugins compatible for Editor in 0.45 ms, found 0 plugins.
Preloading 0 native plugins for Editor in 0.00 ms.
Unloading 1785 Unused Serialized files (Serialized files now loaded: 0)
System memory in use before: 84.7 MB.
System memory in use after: 84.8 MB.

Unloading 72 unused Assets to reduce memory usage. Loaded Objects now: 2230.
Total: 3.920700 ms (FindLiveObjects: 0.595800 ms CreateObjectMapping: 0.518100 ms MarkObjects: 2.600300 ms  DeleteObjects: 0.205000 ms)

========================================================================
Received Import Request.
  path: Assets/Campus/Campus 1
  artifactKey: Guid(68d5d209bfcea704b9f6d3f15759600a) Importer(815301076,1909f56bfc062723c751e8b465ee728b)
Start importing Assets/Campus/Campus 1 using Guid(68d5d209bfcea704b9f6d3f15759600a) Importer(815301076,1909f56bfc062723c751e8b465ee728b)  -> (artifact id: 'db28cc78784b5321cf5b3a70e49b57f6') in 0.016292 seconds
  Import took 0.021308 seconds .

AssetImportWorkerClient::OnTransportError - code=2 error=End of file
