Using pre-set license
Built from '2020.3/release' branch; Version is '2020.3.2f1 (8fd9074bf66c) revision 9427207'; Using compiler version '192528614'; Build Type 'Release'
OS: 'Windows 10 Home; OS build 19043.1110; Version 2009; 64bit' Language: 'ru' Physical Memory: 8087 MB
BatchMode: 1, IsHumanControllingUs: 0, StartBugReporterOnCrash: 0, Is64bit: 1, IsPro: 0

 COMMAND LINE ARGUMENTS:
C:\UsingFiles\UnityVers\2020.3.2f1\Editor\Unity.exe
-adb2
-batchMode
-noUpm
-name
AssetImportWorker1
-projectPath
C:/UsingFiles/Production/ReaNav
-logFile
Logs/AssetImportWorker1.log
-srvPort
55233
Successfully changed project path to: C:/UsingFiles/Production/ReaNav
C:/UsingFiles/Production/ReaNav
Using Asset Import Pipeline V2.
Setting a NavMeshArea cost less than one can give unexpected results.

Refreshing native plugins compatible for Editor in 297.71 ms, found 0 plugins.
Preloading 0 native plugins for Editor in 0.00 ms.
Initialize engine version: 2020.3.2f1 (8fd9074bf66c)
[Subsystems] Discovering subsystems at path C:/UsingFiles/UnityVers/2020.3.2f1/Editor/Data/Resources/UnitySubsystems
[Subsystems] Discovering subsystems at path C:/UsingFiles/Production/ReaNav/Assets
GfxDevice: creating device client; threaded=0
Direct3D:
    Version:  Direct3D 11.0 [level 11.0]
    Renderer: NVIDIA GeForce 940MX (ID=0x134b)
    Vendor:   
    VRAM:     987 MB
    Driver:   27.21.14.6627
Initialize mono
Mono path[0] = 'C:/UsingFiles/UnityVers/2020.3.2f1/Editor/Data/Managed'
Mono path[1] = 'C:/UsingFiles/UnityVers/2020.3.2f1/Editor/Data/MonoBleedingEdge/lib/mono/unityjit'
Mono config path = 'C:/UsingFiles/UnityVers/2020.3.2f1/Editor/Data/MonoBleedingEdge/etc'
Using monoOptions --debugger-agent=transport=dt_socket,embedding=1,server=y,suspend=n,address=127.0.0.1:56012
Begin MonoManager ReloadAssembly
Registering precompiled unity dll's ...
Register platform support module: C:/UsingFiles/UnityVers/2020.3.2f1/Editor/Data/PlaybackEngines/WebGLSupport/UnityEditor.WebGL.Extensions.dll
Register platform support module: C:/UsingFiles/UnityVers/2020.3.2f1/Editor/Data/PlaybackEngines/WindowsStandaloneSupport/UnityEditor.WindowsStandalone.Extensions.dll
Registered in 0.004558 seconds.
Native extension for WindowsStandalone target not found
Native extension for WebGL target not found
Refreshing native plugins compatible for Editor in 78.06 ms, found 0 plugins.
Preloading 0 native plugins for Editor in 0.00 ms.
Invoked RoslynAnalysisRunner static constructor.
RoslynAnalysisRunner will not be running.
RoslynAnalysisRunner has terminated.
Mono: successfully reloaded assembly
- Completed reload, in  5.633 seconds
Platform modules already initialized, skipping
Registering precompiled user dll's ...
Registered in 0.003131 seconds.
Begin MonoManager ReloadAssembly
Native extension for WindowsStandalone target not found
Native extension for WebGL target not found
Refreshing native plugins compatible for Editor in 69.31 ms, found 0 plugins.
Preloading 0 native plugins for Editor in 0.00 ms.
Invoked RoslynAnalysisRunner static constructor.
RoslynAnalysisRunner will not be running.
RoslynAnalysisRunner has terminated.
Mono: successfully reloaded assembly
- Completed reload, in  2.154 seconds
Platform modules already initialized, skipping
========================================================================
Worker process is ready to serve import requests
Setting a NavMeshArea cost less than one can give unexpected results.

Launched and connected shader compiler UnityShaderCompiler.exe after 0.52 seconds
Refreshing native plugins compatible for Editor in 7.37 ms, found 0 plugins.
Preloading 0 native plugins for Editor in 0.00 ms.
Unloading 1832 Unused Serialized files (Serialized files now loaded: 0)
System memory in use before: 86.3 MB.
System memory in use after: 86.4 MB.

Unloading 72 unused Assets to reduce memory usage. Loaded Objects now: 2277.
Total: 38.754200 ms (FindLiveObjects: 0.454900 ms CreateObjectMapping: 0.161300 ms MarkObjects: 11.060400 ms  DeleteObjects: 27.075400 ms)

========================================================================
Received Import Request.
  path: Assets/Campus/mapSA.jpg
  artifactKey: Guid(31e3b54c5fe7da14e8188cbfc7df3d1c) Importer(815301076,1909f56bfc062723c751e8b465ee728b)
Start importing Assets/Campus/mapSA.jpg using Guid(31e3b54c5fe7da14e8188cbfc7df3d1c) Importer(815301076,1909f56bfc062723c751e8b465ee728b)  -> (artifact id: 'e4d4cbcf1d57c673c9cc446130033307') in 0.263420 seconds
  Import took 0.276427 seconds .

========================================================================
Received Import Request.
  Time since last request: 0.000276 seconds.
  path: Assets/Campus/Materials
  artifactKey: Guid(ac937ce58c6ef1342b4708795b843aaa) Importer(815301076,1909f56bfc062723c751e8b465ee728b)
Start importing Assets/Campus/Materials using Guid(ac937ce58c6ef1342b4708795b843aaa) Importer(815301076,1909f56bfc062723c751e8b465ee728b)  -> (artifact id: '59a71bb05c1fd3f9984daa5a4ebff453') in 0.033016 seconds
  Import took 0.042913 seconds .

========================================================================
Received Import Request.
  Time since last request: 0.000474 seconds.
  path: Assets/Campus
  artifactKey: Guid(83ec7094828128d4d94447b1a4850706) Importer(815301076,1909f56bfc062723c751e8b465ee728b)
Start importing Assets/Campus using Guid(83ec7094828128d4d94447b1a4850706) Importer(815301076,1909f56bfc062723c751e8b465ee728b)  -> (artifact id: 'f3dc41003f8a9612744105697ea16c84') in 0.047145 seconds
  Import took 0.063094 seconds .

========================================================================
Received Import Request.
  Time since last request: 0.000380 seconds.
  path: Assets/Campus/Materials/mapSA.mat
  artifactKey: Guid(d1e693aee1dc46b48ae7e29d44c366c5) Importer(815301076,1909f56bfc062723c751e8b465ee728b)
Start importing Assets/Campus/Materials/mapSA.mat using Guid(d1e693aee1dc46b48ae7e29d44c366c5) Importer(815301076,1909f56bfc062723c751e8b465ee728b)  -> (artifact id: '55cc2ede36aae4d75e18c21cf95da69c') in 0.282999 seconds
  Import took 0.292502 seconds .

========================================================================
Received Import Request.
  Time since last request: 82.623578 seconds.
  path: Assets/Scripts
  artifactKey: Guid(efcaf77495e35a0449d58b61ce6802cd) Importer(815301076,1909f56bfc062723c751e8b465ee728b)
Start importing Assets/Scripts using Guid(efcaf77495e35a0449d58b61ce6802cd) Importer(815301076,1909f56bfc062723c751e8b465ee728b)  -> (artifact id: '04e4aeae10730ee321dc4a4a3d687d30') in 0.022375 seconds
  Import took 0.036009 seconds .

========================================================================
Received Import Request.
  Time since last request: 15.463931 seconds.
  path: Assets/Scripts/InputTextHandler.cs
  artifactKey: Guid(57fe709f6b702434fb74512a225d5f70) Importer(815301076,1909f56bfc062723c751e8b465ee728b)
Start importing Assets/Scripts/InputTextHandler.cs using Guid(57fe709f6b702434fb74512a225d5f70) Importer(815301076,1909f56bfc062723c751e8b465ee728b)  -> (artifact id: '34650b5dacbd24911c33e40a446038a1') in 0.386144 seconds
  Import took 0.434039 seconds .

========================================================================
Received Prepare
Setting a NavMeshArea cost less than one can give unexpected results.

Registering precompiled user dll's ...
Registered in 0.003694 seconds.
Begin MonoManager ReloadAssembly
Native extension for WindowsStandalone target not found
Native extension for WebGL target not found
Refreshing native plugins compatible for Editor in 0.60 ms, found 0 plugins.
Preloading 0 native plugins for Editor in 0.00 ms.
Invoked RoslynAnalysisRunner static constructor.
RoslynAnalysisRunner will not be running.
RoslynAnalysisRunner has terminated.
Mono: successfully reloaded assembly
- Completed reload, in 18.639 seconds
Platform modules already initialized, skipping
Switching build target platform(5) subTarget(0) extendedPlatform(0) -> platform(13) subTarget(589824) extendedPlatform(0)
Refreshing native plugins compatible for Editor in 0.97 ms, found 0 plugins.
Preloading 0 native plugins for Editor in 0.00 ms.
Unloading 1791 Unused Serialized files (Serialized files now loaded: 0)
System memory in use before: 85.1 MB.
System memory in use after: 85.2 MB.

Unloading 67 unused Assets to reduce memory usage. Loaded Objects now: 2323.
Total: 34.117100 ms (FindLiveObjects: 4.270400 ms CreateObjectMapping: 0.218000 ms MarkObjects: 29.467200 ms  DeleteObjects: 0.159200 ms)

AssetImportParameters requested are different than current active one (requested -> active):
  custom:graphics/normal-map-encoding: 01000000000000000000000000000000 -> 02000000000000000000000000000000
========================================================================
Received Prepare
Setting a NavMeshArea cost less than one can give unexpected results.

Registering precompiled user dll's ...
Registered in 0.058953 seconds.
Begin MonoManager ReloadAssembly
Native extension for WindowsStandalone target not found
Native extension for WebGL target not found
Refreshing native plugins compatible for Editor in 0.79 ms, found 0 plugins.
Preloading 0 native plugins for Editor in 0.00 ms.
Invoked RoslynAnalysisRunner static constructor.
RoslynAnalysisRunner will not be running.
RoslynAnalysisRunner has terminated.
Mono: successfully reloaded assembly
- Completed reload, in  2.202 seconds
Platform modules already initialized, skipping
Switching build target platform(5) subTarget(0) extendedPlatform(0) -> platform(13) subTarget(589824) extendedPlatform(0)
Refreshing native plugins compatible for Editor in 0.41 ms, found 0 plugins.
Preloading 0 native plugins for Editor in 0.00 ms.
Unloading 1791 Unused Serialized files (Serialized files now loaded: 0)
System memory in use before: 85.1 MB.
System memory in use after: 85.2 MB.

Unloading 67 unused Assets to reduce memory usage. Loaded Objects now: 2326.
Total: 3.003000 ms (FindLiveObjects: 0.329800 ms CreateObjectMapping: 0.103000 ms MarkObjects: 2.449100 ms  DeleteObjects: 0.118800 ms)

AssetImportParameters requested are different than current active one (requested -> active):
  custom:graphics/normal-map-encoding: 01000000000000000000000000000000 -> 02000000000000000000000000000000
========================================================================
Received Prepare
Setting a NavMeshArea cost less than one can give unexpected results.

Registering precompiled user dll's ...
Registered in 0.004457 seconds.
Begin MonoManager ReloadAssembly
Native extension for WindowsStandalone target not found
Native extension for WebGL target not found
Refreshing native plugins compatible for Editor in 1.09 ms, found 0 plugins.
Preloading 0 native plugins for Editor in 0.00 ms.
Invoked RoslynAnalysisRunner static constructor.
RoslynAnalysisRunner will not be running.
RoslynAnalysisRunner has terminated.
Mono: successfully reloaded assembly
- Completed reload, in  2.041 seconds
Platform modules already initialized, skipping
Switching build target platform(5) subTarget(0) extendedPlatform(0) -> platform(13) subTarget(589824) extendedPlatform(0)
Refreshing native plugins compatible for Editor in 0.41 ms, found 0 plugins.
Preloading 0 native plugins for Editor in 0.00 ms.
Unloading 1791 Unused Serialized files (Serialized files now loaded: 0)
System memory in use before: 85.1 MB.
System memory in use after: 85.2 MB.

Unloading 67 unused Assets to reduce memory usage. Loaded Objects now: 2329.
Total: 3.269900 ms (FindLiveObjects: 0.390800 ms CreateObjectMapping: 0.116000 ms MarkObjects: 2.645600 ms  DeleteObjects: 0.115400 ms)

AssetImportParameters requested are different than current active one (requested -> active):
  custom:graphics/normal-map-encoding: 01000000000000000000000000000000 -> 02000000000000000000000000000000
========================================================================
Received Prepare
Setting a NavMeshArea cost less than one can give unexpected results.

Registering precompiled user dll's ...
Registered in 0.007752 seconds.
Begin MonoManager ReloadAssembly
Native extension for WindowsStandalone target not found
Native extension for WebGL target not found
Refreshing native plugins compatible for Editor in 0.42 ms, found 0 plugins.
Preloading 0 native plugins for Editor in 0.00 ms.
Invoked RoslynAnalysisRunner static constructor.
RoslynAnalysisRunner will not be running.
RoslynAnalysisRunner has terminated.
Mono: successfully reloaded assembly
- Completed reload, in  1.761 seconds
Platform modules already initialized, skipping
Switching build target platform(5) subTarget(0) extendedPlatform(0) -> platform(13) subTarget(589824) extendedPlatform(0)
Refreshing native plugins compatible for Editor in 0.46 ms, found 0 plugins.
Preloading 0 native plugins for Editor in 0.00 ms.
Unloading 1791 Unused Serialized files (Serialized files now loaded: 0)
System memory in use before: 85.1 MB.
System memory in use after: 85.2 MB.

Unloading 67 unused Assets to reduce memory usage. Loaded Objects now: 2332.
Total: 3.223300 ms (FindLiveObjects: 0.344000 ms CreateObjectMapping: 0.095800 ms MarkObjects: 2.662900 ms  DeleteObjects: 0.117600 ms)

AssetImportParameters requested are different than current active one (requested -> active):
  custom:graphics/normal-map-encoding: 01000000000000000000000000000000 -> 02000000000000000000000000000000
========================================================================
Received Prepare
Setting a NavMeshArea cost less than one can give unexpected results.

Registering precompiled user dll's ...
Registered in 0.003649 seconds.
Begin MonoManager ReloadAssembly
Native extension for WindowsStandalone target not found
Native extension for WebGL target not found
Refreshing native plugins compatible for Editor in 0.73 ms, found 0 plugins.
Preloading 0 native plugins for Editor in 0.00 ms.
Invoked RoslynAnalysisRunner static constructor.
RoslynAnalysisRunner will not be running.
RoslynAnalysisRunner has terminated.
Mono: successfully reloaded assembly
- Completed reload, in  5.439 seconds
Platform modules already initialized, skipping
Switching build target platform(5) subTarget(0) extendedPlatform(0) -> platform(13) subTarget(589824) extendedPlatform(0)
Refreshing native plugins compatible for Editor in 1.41 ms, found 0 plugins.
Preloading 0 native plugins for Editor in 0.00 ms.
Unloading 1791 Unused Serialized files (Serialized files now loaded: 0)
System memory in use before: 85.1 MB.
System memory in use after: 85.2 MB.

Unloading 67 unused Assets to reduce memory usage. Loaded Objects now: 2335.
Total: 5.101300 ms (FindLiveObjects: 0.418200 ms CreateObjectMapping: 0.261100 ms MarkObjects: 4.250000 ms  DeleteObjects: 0.169900 ms)

AssetImportParameters requested are different than current active one (requested -> active):
  custom:graphics/normal-map-encoding: 01000000000000000000000000000000 -> 02000000000000000000000000000000
AssetImportWorkerClient::OnTransportError - code=2 error=End of file
